<?xml version="1.0" encoding="UTF-8"?>
<!-- Generated by org.testng.reporters.JUnitReportReporter -->
<testsuite hostname="DESKTOP-S21U17A" failures="0" tests="7" name="businesslogic.FlipkartTest" time="58.819" errors="0" timestamp="2022-10-11T15:55:46 IST" skipped="0">
  <testcase classname="businesslogic.FlipkartTest" name="MaxWindow_T3" time="3.016"/>
  <system-out/>
  <testcase classname="businesslogic.FlipkartTest" name="Scroll_T6" time="3.035"/>
  <system-out/>
  <testcase classname="businesslogic.FlipkartTest" name="TitleTest_T2" time="3.062"/>
  <system-out/>
  <testcase classname="businesslogic.FlipkartTest" name="initialization_T0" time="8.086"/>
  <system-out/>
  <testcase classname="businesslogic.FlipkartTest" name="cross_T1" time="35.378"/>
  <system-out/>
  <testcase classname="businesslogic.FlipkartTest" name="SendingQuerry_T4" time="3.121"/>
  <system-out/>
  <testcase classname="businesslogic.FlipkartTest" name="Search_T5" time="3.121"/>
  <system-out/>
</testsuite> <!-- businesslogic.FlipkartTest -->
